     1	ABRT
     2	ADM
     3	AMANDA
     4	APACHE
     5	AVAHI
     6	AVAHI-AUTOIPD
     7	BIN
     8	CHRONY
     9	CLAMSMTP
    10	CLAMUPDATE
    11	COLORD
    12	DAEMON
    13	DBUS
    14	DHCPD
    15	DISTCACHE
    16	FTP
    17	GAMES
    18	GDM
    19	GOPHER
    20	HALT
    21	HSQLDB
    22	KATE
    23	KIM
    24	KITE
    25	LIGHTDM
    26	LP
    27	MAIL
    28	MAILNULL
    29	MONGODB
    30	MYSQL
    31	NAGIOS
    32	NFSNOBODY
    33	NM-OPENCONNECT
    34	NOBODY
    35	OPENVPN
    36	OPERATOR
    37	OPROFILE
    38	PAM
    39	PAT
    40	POLKITD
    41	POSTGRES
    42	PRELUDE-MANAGER
    43	PULSE
    44	QEMU
    45	RADVD
    46	RAVI
    47	ROOT
    48	RPC
    49	RPCUSER
    50	RTKIT
    51	SASLAUTH
    52	SHUTDOWN
    53	SMMSP
    54	SQUID
    55	SSHD
    56	SYNC
    57	TCPDUMP
    58	TEST
    59	TIM
    60	TRAINING
    61	TSS
    62	USBMUXD
    63	USER100
    64	UUCP
    65	WEBALIZER
    66	ZNC
